app/build/intermediates/manifest_merge_blame_file/debug/manifest-merger-blame-debug-report.txt
1<?xml version="1.0" encoding="utf-8"?>
2<manifest xmlns:android="http://schemas.android.com/apk/res/android"
3    package="br.com.up.pokedex"
4    android:versionCode="1"
5    android:versionName="1.0" >
6
7    <uses-sdk
8        android:minSdkVersion="26"
8-->src/main/AndroidManifest.xml
9        android:targetSdkVersion="32" />
9-->src/main/AndroidManifest.xml
10
11    <uses-permission android:name="android.permission.INTERNET" />
11-->src/main/AndroidManifest.xml:5:5-67
11-->src/main/AndroidManifest.xml:5:22-64
12
13    <application
13-->src/main/AndroidManifest.xml:7:5-35:19
14        android:allowBackup="true"
14-->src/main/AndroidManifest.xml:8:9-35
15        android:appComponentFactory="androidx.core.app.CoreComponentFactory"
15-->[androidx.core:core:1.3.2] AndroidManifest.xml:24:18-86
16        android:debuggable="true"
17        android:extractNativeLibs="false"
18        android:icon="@mipmap/ic_launcher"
18-->src/main/AndroidManifest.xml:9:9-43
19        android:label="@string/app_name"
19-->src/main/AndroidManifest.xml:10:9-41
20        android:roundIcon="@mipmap/ic_launcher_round"
20-->src/main/AndroidManifest.xml:11:9-54
21        android:supportsRtl="true"
21-->src/main/AndroidManifest.xml:12:9-35
22        android:testOnly="true"
23        android:theme="@style/Theme.PokeDex" >
23-->src/main/AndroidManifest.xml:13:9-45
24        <activity
24-->src/main/AndroidManifest.xml:14:9-16:40
25            android:name="br.com.up.pokedex.PokemonMovesActivity"
25-->src/main/AndroidManifest.xml:15:13-49
26            android:exported="false" />
26-->src/main/AndroidManifest.xml:16:13-37
27        <activity
27-->src/main/AndroidManifest.xml:17:9-19:40
28            android:name="br.com.up.pokedex.PokeTextView"
28-->src/main/AndroidManifest.xml:18:13-41
29            android:exported="false" />
29-->src/main/AndroidManifest.xml:19:13-37
30        <activity
30-->src/main/AndroidManifest.xml:20:9-22:40
31            android:name="br.com.up.pokedex.PokeTextViewItem"
31-->src/main/AndroidManifest.xml:21:13-45
32            android:exported="false" />
32-->src/main/AndroidManifest.xml:22:13-37
33        <activity
33-->src/main/AndroidManifest.xml:23:9-25:40
34            android:name="br.com.up.pokedex.PokemonDetailsActivity"
34-->src/main/AndroidManifest.xml:24:13-51
35            android:exported="false" />
35-->src/main/AndroidManifest.xml:25:13-37
36        <activity
36-->src/main/AndroidManifest.xml:26:9-34:20
37            android:name="br.com.up.pokedex.MainActivity"
37-->src/main/AndroidManifest.xml:27:13-41
38            android:exported="true" >
38-->src/main/AndroidManifest.xml:28:13-36
39            <intent-filter>
39-->src/main/AndroidManifest.xml:29:13-33:29
40                <action android:name="android.intent.action.MAIN" />
40-->src/main/AndroidManifest.xml:30:17-69
40-->src/main/AndroidManifest.xml:30:25-66
41
42                <category android:name="android.intent.category.LAUNCHER" />
42-->src/main/AndroidManifest.xml:32:17-77
42-->src/main/AndroidManifest.xml:32:27-74
43            </intent-filter>
44        </activity>
45
46        <provider
46-->[com.squareup.picasso:picasso:2.8] AndroidManifest.xml:8:9-11:40
47            android:name="com.squareup.picasso.PicassoProvider"
47-->[com.squareup.picasso:picasso:2.8] AndroidManifest.xml:9:13-64
48            android:authorities="br.com.up.pokedex.com.squareup.picasso"
48-->[com.squareup.picasso:picasso:2.8] AndroidManifest.xml:10:13-72
49            android:exported="false" />
49-->[com.squareup.picasso:picasso:2.8] AndroidManifest.xml:11:13-37
50    </application>
51
52</manifest>